- The project is out-of-sync -- use `renv::status()` for details.
=== 30_snapshot ===
Scenario: A 


Attaching package: ‘renv’

The following objects are masked from ‘package:stats’:

    embed, update

The following objects are masked from ‘package:utils’:

    history, upgrade

The following objects are masked from ‘package:base’:

    autoload, load, remove, use

[1] TRUE
Running renv::snapshot()...
The following package(s) will be updated in the lockfile:

# Bioconductor 3.20 ----------------------------------------------------------
- BiocVersion    [* -> 3.20.0]

# CRAN -----------------------------------------------------------------------
- BiocManager    [* -> 1.30.27]
- class          [* -> 7.3-22]
- cli            [* -> 3.6.6]
- clock          [* -> 0.7.4]
- codetools      [* -> 0.2-20]
- cpp11          [* -> 0.5.5]
- data.table     [* -> 1.18.4]
- diagram        [* -> 1.6.5]
- digest         [* -> 0.6.39]
- dplyr          [* -> 1.2.1]
- farver         [* -> 2.1.2]
- future         [* -> 1.70.0]
- future.apply   [* -> 1.20.2]
- generics       [* -> 0.1.4]
- ggplot2        [* -> 4.0.3]
- globals        [* -> 0.19.1]
- glue           [* -> 1.8.1]
- gower          [* -> 1.0.2]
- gtable         [* -> 0.3.6]
- hardhat        [* -> 1.4.3]
- ipred          [* -> 0.9-15]
- isoband        [* -> 0.3.0]
- KernSmooth     [* -> 2.23-24]
- labeling       [* -> 0.4.3]
- lattice        [* -> 0.22-6]
- lava           [* -> 1.9.1]
- lifecycle      [* -> 1.0.5]
- listenv        [* -> 0.10.1]
- lubridate      [* -> 1.9.5]
- magrittr       [* -> 2.0.5]
- MASS           [* -> 7.3-61]
- Matrix         [* -> 1.7-1]
- nnet           [* -> 7.3-19]
- numDeriv       [* -> 2016.8-1.1]
- parallelly     [* -> 1.47.0]
- pillar         [* -> 1.11.1]
- pkgconfig      [* -> 2.0.3]
- prodlim        [* -> 2026.03.11]
- progressr      [* -> 0.19.0]
- purrr          [* -> 1.2.2]
- R6             [* -> 2.6.1]
- RColorBrewer   [* -> 1.1-3]
- Rcpp           [* -> 1.1.1-1.1]
- rlang          [* -> 1.2.0]
- rpart          [* -> 4.1.23]
- S7             [* -> 0.2.2]
- scales         [* -> 1.4.0]
- shape          [* -> 1.4.6.1]
- sparsevctrs    [* -> 0.3.6]
- SQUAREM        [* -> 2026.1]
- stringi        [* -> 1.8.7]
- stringr        [* -> 1.6.0]
- survival       [* -> 3.7-0]
- tibble         [* -> 3.3.1]
- tidyr          [* -> 1.3.2]
- tidyselect     [* -> 1.2.1]
- timechange     [* -> 0.4.0]
- timeDate       [* -> 4052.112]
- tzdb           [* -> 0.5.0]
- utf8           [* -> 1.2.6]
- vctrs          [* -> 0.7.3]
- viridisLite    [* -> 0.4.3]
- withr          [* -> 3.0.2]

# RSPM -----------------------------------------------------------------------
- recipes        [* -> 1.3.2]

- Lockfile written to "/project/renv.lock".
Snapshot result: success 

Lockfile has Bioconductor refs: TRUE 

Done.
