- The project is out-of-sync -- use `renv::status()` for details.
=== 30_snapshot ===
Scenario: 5 


Attaching package: ‘renv’

The following objects are masked from ‘package:stats’:

    embed, update

The following objects are masked from ‘package:utils’:

    history, upgrade

The following objects are masked from ‘package:base’:

    autoload, load, remove, use

Running renv::dependencies() to capture dependency list...
Wrote discovered-dependencies.csv
BiocManager in deps: FALSE 
BiocVersion in deps: FALSE 

Running renv::snapshot()...
The following package(s) will be updated in the lockfile:

# CRAN -----------------------------------------------------------------------
- glue   [* -> 1.8.1]

- Lockfile written to "/project/renv.lock".
Snapshot result: success 

Lockfile has Bioconductor refs: FALSE 
[1] TRUE

Done.
