- The project is out-of-sync -- use `renv::status()` for details.
- The project is out-of-sync -- use `renv::status()` for details.
=== 30_snapshot ===
Scenario: 8 


Attaching package: ‘renv’

The following objects are masked from ‘package:stats’:

    embed, update

The following objects are masked from ‘package:utils’:

    history, upgrade

The following objects are masked from ‘package:base’:

    autoload, load, remove, use

Running renv::dependencies() to capture dependency list...
Wrote discovered-dependencies.csv
BiocManager in deps: FALSE 
BiocVersion in deps: FALSE 

Running renv::snapshot()...
renv was unable to query available packages from the following repositories:
- # https://packagemanager.posit.co/src/contrib --------------------------------
error downloading 'https://packagemanager.posit.co/src/contrib/PACKAGES.rds' [error code 22]
error downloading 'https://packagemanager.posit.co/src/contrib/PACKAGES.gz' [error code 22]
error downloading 'https://packagemanager.posit.co/src/contrib/PACKAGES' [error code 22]


The following Bioconductor packages appear to be from a separate Bioconductor release:
- metaRNASeq [installed 1.0.8 != latest <NA>]
- metaRNASeq [installed 1.0.8 != latest <NA>]
renv may be unable to restore these packages.
Bioconductor version: unknown version: Bioconductor version cannot be validated; no internet connection?
    See #troubleshooting section in vignette

The following required packages are not installed:
- BiocVersion  [required by metaRNASeq]
Consider reinstalling these packages before snapshotting the lockfile.

ERROR: aborting snapshot due to pre-flight validation failure 
Snapshot result: error: aborting snapshot due to pre-flight validation failure 

Lockfile has Bioconductor refs: FALSE 
[1] TRUE

Done.
