[run_scenario 8] Running 00_env_diagnostics...

> `%||%` <- function(x, y) if (is.null(x) || (length(x) == 
+     1 && is.na(x))) y else x

> scenario <- Sys.getenv("SCENARIO", "unknown")

> out_dir <- file.path("/artifacts", scenario)

> dir.create(out_dir, recursive = TRUE, showWarnings = FALSE)

> cat("=== 00_env_diagnostics ===\n")
=== 00_env_diagnostics ===

> cat("Scenario:", scenario, "\n\n")
Scenario: 8 


> check_url_curl <- function(url, timeout_s = 10) {
+     args <- c("-s", "-o", "/dev/null", "-w", "%{http_code}", 
+         "--connect-timeout", as.character(timeout_s), "--max-time", 
+         as.character(timeout_s), url)
+     result <- tryCatch({
+         code <- as.integer(system2("curl", args, stdout = TRUE, 
+             stderr = FALSE))
+         if (!is.na(code) && code > 0) 
+             paste0("reachable (HTTP ", code, ")")
+         else "blocked: no HTTP response"
+     }, error = function(e) paste0("error: ", conditionMessage(e)))
+     result
+ }

> ppm_url <- Sys.getenv("PPM_URL", "https://packagemanager.posit.co/cran/__linux__/noble/latest")

> bioc_url <- "https://bioconductor.org"

> cat("Checking PPM:", ppm_url, "\n")
Checking PPM: https://packagemanager.posit.co/cran/__linux__/noble/latest 

> ppm_status <- check_url_curl(ppm_url)

> cat("PPM status:", ppm_status, "\n\n")
PPM status: reachable (HTTP 400) 


> cat("Checking Bioconductor:", bioc_url, "\n")
Checking Bioconductor: https://bioconductor.org 

> bioc_status <- check_url_curl(bioc_url)

> cat("Bioconductor status:", bioc_status, "\n\n")
Bioconductor status: blocked: no HTTP response 


> renv_ver <- tryCatch(as.character(packageVersion("renv")), 
+     error = function(e) "not installed")

> info <- list(scenario = scenario, r_version = R.version$version.string, 
+     renv_version = renv_ver, repos = getOption("repos"), BioC_mirror = getOption("BioC_mirror"), 
+     BIOCONDUCTOR_CONFIG_FILE = getOption("BIOCONDUCTOR_CONFIG_FILE"), 
+     R_BIOC_VERSION = Sys.getenv("R_BIOC_VERSION"), ppm_access = grepl("^reachable", 
+         ppm_status), bioc_access = grepl("^reachable", bioc_status), 
+     ppm_status = ppm_status, bioc_status = bioc_status)

> cat("repos:\n")
repos:

> print(info$repos)
                                                         CRAN 
"https://packagemanager.posit.co/cran/__linux__/noble/latest" 

> cat("\nrenv version:", renv_ver, "\n")

renv version: 1.2.3 

> cat("PPM reachable:", info$ppm_access, "\n")
PPM reachable: TRUE 

> cat("Bioconductor reachable:", info$bioc_access, "\n")
Bioconductor reachable: FALSE 

> sink(file.path(out_dir, "session-info.txt"))

> jsonlite_ok <- requireNamespace("jsonlite", quietly = TRUE)

> if (!jsonlite_ok) install.packages("jsonlite", repos = ppm_url, 
+     quiet = TRUE)

> writeLines(jsonlite::toJSON(info, auto_unbox = TRUE, 
+     pretty = TRUE), file.path(out_dir, "env_diagnostics.json"))

> cat("Wrote env_diagnostics.json, session-info.txt\n\nDone.\n")
Wrote env_diagnostics.json, session-info.txt

Done.
Warning message:
In system2("curl", args, stdout = TRUE, stderr = FALSE) :
  running command ''curl' -s -o /dev/null -w %{http_code} --connect-timeout 10 --max-time 10 https://bioconductor.org 2>/dev/null' had status 7 and error message 'Function not implemented'
[run_scenario 8] Running 15_setup_pkg_project...

> fixture <- Sys.getenv("FIXTURE", "cranlike-with-biocviews")

> src <- file.path("/fixtures", fixture)

> cat("=== 15_setup_pkg_project ===\n")
=== 15_setup_pkg_project ===

> cat("Fixture (used as the project package):", fixture, 
+     "\n\n")
Fixture (used as the project package): cranlike-with-biocviews 


> for (item in list.files(src, full.names = TRUE)) {
+     file.copy(item, ".", recursive = TRUE, overwrite = TRUE)
+ }

> cat("Project now contains:\n")
Project now contains:

> print(list.files(".", recursive = TRUE))
[1] "DESCRIPTION" "NAMESPACE"   "R/dummy.R"  

> cat("\n--- project DESCRIPTION ---\n")

--- project DESCRIPTION ---

> cat(paste(readLines("DESCRIPTION"), collapse = "\n"), 
+     "\n\n")
Package: withbiocviews
Type: Package
Title: A Minimal CRAN-Like Package With biocViews
Version: 0.1.0
Authors@R: person("Test", "Author", email = "test@example.com", role = c("aut", "cre"))
Description: A minimal package for testing renv dependency discovery.
    Contains a non-empty biocViews field, which causes renv to inject
    BiocManager and BiocVersion as implicit dependencies.
Depends: R (>= 3.5.0)
Imports: stats
biocViews: Software
License: MIT
Encoding: UTF-8 


> library(renv)

Attaching package: ‘renv’

The following objects are masked from ‘package:stats’:

    embed, update

The following objects are masked from ‘package:utils’:

    history, upgrade

The following objects are masked from ‘package:base’:

    autoload, load, remove, use


> cat("renv::init(bare = TRUE)  # do not auto-install deps; isolate the failure to snapshot\n\n")
renv::init(bare = TRUE)  # do not auto-install deps; isolate the failure to snapshot


> renv::init(bare = TRUE, restart = FALSE)
- Using 'explicit' snapshot type. Please see `?renv::snapshot` for more details.

- The project is out-of-sync -- use `renv::status()` for details.

> cat("\nDone.\n")

Done.
[run_scenario 8] Running 16_install_project_deps...
- The project is out-of-sync -- use `renv::status()` for details.

> `%||%` <- function(x, y) if (is.null(x)) y else x

> scenario <- Sys.getenv("SCENARIO", "8")

> out_dir <- file.path("/artifacts", scenario)

> dir.create(out_dir, recursive = TRUE, showWarnings = FALSE)

> cat("=== 16_install_project_deps ===\n")
=== 16_install_project_deps ===

> cat("Scenario:", scenario, "\n\n")
Scenario: 8 


> library(renv)

Attaching package: ‘renv’

The following objects are masked from ‘package:stats’:

    embed, update

The following objects are masked from ‘package:utils’:

    history, upgrade

The following objects are masked from ‘package:base’:

    autoload, load, remove, use


> library(jsonlite)

> cat("Running renv::dependencies() on the project...\n")
Running renv::dependencies() on the project...

> deps <- tryCatch(renv::dependencies(progress = FALSE, 
+     errors = "ignored"), error = function(e) {
+     cat("WARNING:", conditionMessage(e), "\n")
+     NULL
+ })

> if (!is.null(deps) && nrow(deps) > 0) {
+     write.csv(deps, file.path(out_dir, "discovered-dependencies.csv"), 
+         row.names = FALSE)
+     print(deps)
+ }
          Type               Source     Package Require Version   Dev
1      Imports /project/DESCRIPTION       stats                 FALSE
2 Bioconductor /project/DESCRIPTION BiocManager                 FALSE
3 Bioconductor /project/DESCRIPTION BiocVersion                 FALSE

> biocmanager_found <- !is.null(deps) && "BiocManager" %in% 
+     deps$Package

> biocversion_found <- !is.null(deps) && "BiocVersion" %in% 
+     deps$Package

> cat("\nBiocManager discovered:", biocmanager_found, 
+     "\n")

BiocManager discovered: TRUE 

> cat("BiocVersion discovered:", biocversion_found, 
+     "\n\n")
BiocVersion discovered: TRUE 


> cat("Running renv::install() to install the project's dependencies...\n")
Running renv::install() to install the project's dependencies...

> install_warnings <- character()

> install_error <- NULL

> withCallingHandlers(tryCatch(renv::install(), error = function(e) {
+     install_error <<- conditionMessage(e)
+     cat("ERROR:", conditionMessage(e), "\n")
+ }), warning = function(w) {
+     install_warnings <<- c(install_warnings, conditionMessage(w))
+     cat("WARNING:", conditionMessage(w), "\n")
+     invokeRestart("muffleWarning")
+ })
- Querying repositories for available source packages ... Done!
The following package(s) will be installed:
- BiocManager [1.30.27]
- BiocVersion [*]
These packages will be installed into "~/.cache/R/renv/library/project-20bde257/linux-ubuntu-noble/R-4.4/x86_64-pc-linux-gnu".

# Downloading packages -------------------------------------------------------
[?25l  (0/1) Downloading: BiocManager                                                                                                                                [32m✔[0m BiocManager 1.30.27                      [666 kB in 0.65s]
                                                                                [31m✖[0m BiocVersion                             
Successfully downloaded 1 package in 0.77 seconds.

# Installing packages --------------------------------------------------------
                                                                                [32m✔[0m BiocManager 1.30.27                      [installed binary]
Successfully installed 1 package in 0.16 seconds.

The following package(s) were not installed successfully:
- [BiocVersion]: failed to download
You may need to manually download and install these packages.

[?25hERROR: failed to install "BiocVersion" (package 'BiocVersion' is not available) 

> biocversion_installed <- requireNamespace("BiocVersion", 
+     quietly = TRUE)

> cat("\nBiocVersion actually installed:", biocversion_installed, 
+     "\n")

BiocVersion actually installed: FALSE 

> status <- if (!is.null(install_error) || !biocversion_installed) "failure" else "success"

> cat("Install status:", status, "\n")
Install status: failure 

> classify <- function(msg, warns) {
+     hay <- tolower(paste(c(msg, warns), collapse = " "))
+     if (grepl("biocversion", hay)) 
+         "BiocVersion dependency not available"
+     else if (grepl("cannot be validated", hay)) 
+         "Bioconductor version validation failed"
+     else if (grepl("failed to download|not available", hay)) 
+         "Dependency download failed"
+     else if (nzchar(hay)) 
+         hay
+     else NA
+ }

> writeLines(toJSON(list(operation = "renv::install()", 
+     result = if (is.null(install_error)) "ok (but dependency missing)" else paste0("error: ", 
+         install_error), biocmanager_discovered = biocmanager_found, 
+     biocversion_discovered = biocversion_found, snapshot_status = status, 
+     snapshot_error_classification = classify(install_error, install_warnings), 
+     snapshot_warnings = install_warnings, renv_lock_written = file.exists("renv.lock"), 
+     target_package = "BiocVersion", target_package_recorded = biocversion_installed, 
+     biocversion_in_lock = FALSE, bioc_source_tagged = FALSE), 
+     auto_unbox = TRUE, pretty = TRUE, na = "null"), file.path(out_dir, 
+     "snapshot_result.json"))

> cat("\nDone.\n")

Done.
[run_scenario 8] Running 70_collect_artifacts (no-init-file)...

> `%||%` <- function(x, y) if (is.null(x) || (length(x) == 
+     1 && is.na(x))) y else x

> scenario <- Sys.getenv("SCENARIO", "unknown")

> artifacts_root <- "/artifacts"

> cat("=== 70_collect_artifacts ===\n")
=== 70_collect_artifacts ===

> cat("Scenario:", scenario, "\n\n")
Scenario: 8 


> read_json_safe <- function(path) {
+     tryCatch(jsonlite::fromJSON(path, simplifyVector = FALSE), 
+         error = function(e) list())
+ }

> out_dir <- file.path(artifacts_root, scenario)

> for (src in c("/project/renv.lock", "/project/renv/settings.json")) {
+     if (file.exists(src)) {
+         dest_name <- if (basename(src) == "settings.json") 
+             "renv-settings.json"
+         else "renv.lock"
+         file.copy(src, file.path(out_dir, dest_name), overwrite = TRUE)
+         cat("Saved", src, "→", dest_name, "\n")
+     }
+ }
Saved /project/renv/settings.json → renv-settings.json 

> result_path <- file.path(out_dir, "result.json")

> if (!file.exists(result_path) || !(scenario %in% c("1", 
+     "2", "3"))) {
+     env <- read_json_safe(file.path(out_dir, "env_diagnostics.json"))
+     snap <- read_json_safe(file.path(out_dir, "snapshot_result.json"))
+     deps_csv <- file.path(out_dir, "discovered-dependencies.csv")
+     biocmanager_found <- FALSE
+     biocversion_found <- FALSE
+     if (file.exists(deps_csv)) {
+         deps_df <- tryCatch(read.csv(deps_csv, stringsAsFactors = FALSE), 
+             error = function(e) NULL)
+         if (!is.null(deps_df) && "Package" %in% names(deps_df)) {
+             biocmanager_found <- "BiocManager" %in% deps_df$Package
+             biocversion_found <- "BiocVersion" %in% deps_df$Package
+         }
+     }
+     if (!biocmanager_found && !is.null(snap$biocmanager_discovered)) 
+         biocmanager_found <- isTRUE(snap$biocmanager_discovered)
+     if (!biocversion_found && !is.null(snap$biocversion_discovered)) 
+         biocversion_found <- isTRUE(snap$biocversion_discovered)
+     biocviews_present <- scenario %in% c("4", "6", "7", "8")
+     snap_status <- snap$snapshot_status %||% "unknown"
+     lock_written <- file.exists(file.path(out_dir, "renv.lock")) || 
+         isTRUE(snap$renv_lock_written)
+     result <- list(scenario = scenario, operation = snap$operation %||% 
+         "renv::snapshot()", ppm_reachable = isTRUE(env$ppm_access), 
+         bioconductor_reachable = isTRUE(env$bioc_access), biocviews_present = biocviews_present, 
+         biocmanager_discovered = biocmanager_found, biocversion_discovered = biocversion_found, 
+         snapshot_status = snap_status, snapshot_error_classification = snap$snapshot_error_classification %||% 
+             NA, snapshot_warnings = snap$snapshot_warnings %||% 
+             NA, target_package = snap$target_package %||% NA, 
+         target_package_recorded = snap$target_package_recorded %||% 
+             NA, biocversion_in_lock = snap$biocversion_in_lock %||% 
+             NA, bioc_source_tagged = snap$bioc_source_tagged %||% 
+             NA, renv_lock_written = lock_written, notes = "")
+     writeLines(jsonlite::toJSON(result, auto_unbox = TRUE, pretty = TRUE, 
+         na = "null"), result_path)
+     cat("Wrote result.json\n")
+     for (f in c("snapshot_result.json", "env_diagnostics.json")) {
+         p <- file.path(out_dir, f)
+         if (file.exists(p)) 
+             file.remove(p)
+     }
+ } else {
+     cat("result.json already present — skipping\n")
+ }
Wrote result.json

> cat("\nOutcome:\n")

Outcome:

> cat(paste(readLines(result_path), collapse = "\n"), 
+     "\n")
{
  "scenario": "8",
  "operation": "renv::install()",
  "ppm_reachable": true,
  "bioconductor_reachable": false,
  "biocviews_present": true,
  "biocmanager_discovered": true,
  "biocversion_discovered": true,
  "snapshot_status": "failure",
  "snapshot_error_classification": "BiocVersion dependency not available",
  "snapshot_warnings": [],
  "target_package": "BiocVersion",
  "target_package_recorded": false,
  "biocversion_in_lock": false,
  "bioc_source_tagged": false,
  "renv_lock_written": false,
  "notes": ""
} 

> cat("\nDone.\n")

Done.
[run_scenario 8] Done.
