[?25l[?25h- The project is out-of-sync -- use `renv::status()` for details.
=== 30_snapshot ===
Scenario: D 


Attaching package: ‘renv’

The following objects are masked from ‘package:stats’:

    embed, update

The following objects are masked from ‘package:utils’:

    history, upgrade

The following objects are masked from ‘package:base’:

    autoload, load, remove, use

[1] TRUE
Running renv::snapshot()...
renv was unable to query available packages from the following repositories:
- # https://bioconductor.org/packages/3.20/data/annotation/src/contrib ---------
error downloading 'https://bioconductor.org/packages/3.20/data/annotation/src/contrib/PACKAGES.rds' [error code 7]
error downloading 'https://bioconductor.org/packages/3.20/data/annotation/src/contrib/PACKAGES.gz' [error code 7]
error downloading 'https://bioconductor.org/packages/3.20/data/annotation/src/contrib/PACKAGES' [error code 7]

- # https://bioconductor.org/packages/3.20/books/src/contrib -------------------
error downloading 'https://bioconductor.org/packages/3.20/books/src/contrib/PACKAGES.rds' [error code 7]
error downloading 'https://bioconductor.org/packages/3.20/books/src/contrib/PACKAGES.gz' [error code 7]
error downloading 'https://bioconductor.org/packages/3.20/books/src/contrib/PACKAGES' [error code 7]

- # https://bioconductor.org/packages/3.20/workflows/src/contrib ---------------
error downloading 'https://bioconductor.org/packages/3.20/workflows/src/contrib/PACKAGES.rds' [error code 7]
error downloading 'https://bioconductor.org/packages/3.20/workflows/src/contrib/PACKAGES.gz' [error code 7]
error downloading 'https://bioconductor.org/packages/3.20/workflows/src/contrib/PACKAGES' [error code 7]

- # https://bioconductor.org/packages/3.20/bioc/src/contrib --------------------
error downloading 'https://bioconductor.org/packages/3.20/bioc/src/contrib/PACKAGES.rds' [error code 7]
error downloading 'https://bioconductor.org/packages/3.20/bioc/src/contrib/PACKAGES.gz' [error code 7]
error downloading 'https://bioconductor.org/packages/3.20/bioc/src/contrib/PACKAGES' [error code 7]

- # https://bioconductor.org/packages/3.20/data/experiment/src/contrib ---------
error downloading 'https://bioconductor.org/packages/3.20/data/experiment/src/contrib/PACKAGES.rds' [error code 7]
error downloading 'https://bioconductor.org/packages/3.20/data/experiment/src/contrib/PACKAGES.gz' [error code 7]
error downloading 'https://bioconductor.org/packages/3.20/data/experiment/src/contrib/PACKAGES' [error code 7]


The following required packages are not installed:
- BiocVersion  [required by recipes]
Consider reinstalling these packages before snapshotting the lockfile.

ERROR: aborting snapshot due to pre-flight validation failure 
Snapshot result: error: aborting snapshot due to pre-flight validation failure 

Lockfile has Bioconductor refs: FALSE 

Done.
