=== 20_install_pkg ===
Scenario: 9 
Package: metaRNASeq 


Attaching package: ‘renv’

The following objects are masked from ‘package:stats’:

    embed, update

The following objects are masked from ‘package:utils’:

    history, upgrade

The following objects are masked from ‘package:base’:

    autoload, load, remove, use

- Synchronizing project library with the cache ... Done!
- The cache has been disabled for this project.
renv cache disabled
Installing metaRNASeq via renv::install() (open network)...
- Querying repositories for available source packages ... Done!
The following package(s) will be installed:
- metaRNASeq [1.0.8]
These packages will be installed into "/project/renv/library/linux-ubuntu-noble/R-4.4/x86_64-pc-linux-gnu".

# Downloading packages -------------------------------------------------------
[?25l  (0/1) Downloading: metaRNASeq                                                                                                                                 [32m✔[0m metaRNASeq 1.0.8                         [1.3 MB in 0.62s]
                                                                                Successfully downloaded 1 package in 0.74 seconds.

# Installing packages --------------------------------------------------------
                                                                                [32m✔[0m metaRNASeq 1.0.8                         [installed binary]
Successfully installed 1 package in 0.12 seconds.
[?25h
Install result: success 
Wrote project.R: library( metaRNASeq )

Done.
