- The project is out-of-sync -- use `renv::status()` for details.
- The project is out-of-sync -- use `renv::status()` for details.
=== 30_snapshot ===
Scenario: 9 


Attaching package: ‘renv’

The following objects are masked from ‘package:stats’:

    embed, update

The following objects are masked from ‘package:utils’:

    history, upgrade

The following objects are masked from ‘package:base’:

    autoload, load, remove, use

Running renv::dependencies() to capture dependency list...
Wrote discovered-dependencies.csv
BiocManager in deps: FALSE 
BiocVersion in deps: FALSE 

Running renv::snapshot()...
The following required packages are not installed:
- BiocVersion  [required by metaRNASeq]
Consider reinstalling these packages before snapshotting the lockfile.

ERROR: aborting snapshot due to pre-flight validation failure 
Snapshot result: error: aborting snapshot due to pre-flight validation failure 

Lockfile has Bioconductor refs: FALSE 
[1] TRUE

Done.
